<?xml version="1.0" encoding="UTF-8" ?>
<testsuite tests="4" failures="1" name="spittr.ControllerTest" time="0.866" errors="0" skipped="0">
  <properties>
[...]
</properties>
  <testcase classname="spittr.ControllerTest" name="shouldShowRegistration" time="0.427"/>
  <testcase classname="spittr.ControllerTest" name="shouldProcessRegistration" time="0.358">
    <failure message="
Argument(s) are different! Wanted:
spitterRepositoryImpl.save(
    data.Spitter@64e92d61
);
-&gt; at spittr.ControllerTest.shouldProcessRegistration(ControllerTest.java:95)
Actual invocation has different arguments:
spitterRepositoryImpl.save(
    data.Spitter@111610e6
);
-&gt; at web.SpitterController.processRegistration(SpitterController.java:46)
" type="Argument(s) are different! Wanted">Argument(s) are different! Wanted:
spitterRepositoryImpl.save(
    data.Spitter@64e92d61
);
-&gt; at spittr.ControllerTest.shouldProcessRegistration(ControllerTest.java:95)
Actual invocation has different arguments:
spitterRepositoryImpl.save(
    data.Spitter@111610e6
);
-&gt; at web.SpitterController.processRegistration(SpitterController.java:46)

	at spittr.ControllerTest.shouldProcessRegistration(ControllerTest.java:95)
	at java.base/jdk.internal.reflect.NativeMethodAccessorImpl.invoke0(Native Method)
	at java.base/jdk.internal.reflect.NativeMethodAccessorImpl.invoke(NativeMethodAccessorImpl.java:62)
	at java.base/jdk.internal.reflect.DelegatingMethodAccessorImpl.invoke(DelegatingMethodAccessorImpl.java:43)
	at java.base/java.lang.reflect.Method.invoke(Method.java:566)
	at org.junit.runners.model.FrameworkMethod$1.runReflectiveCall(FrameworkMethod.java:50)
	at org.junit.internal.runners.model.ReflectiveCallable.run(ReflectiveCallable.java:12)
	at org.junit.runners.model.FrameworkMethod.invokeExplosively(FrameworkMethod.java:47)
	at org.junit.internal.runners.statements.InvokeMethod.evaluate(InvokeMethod.java:17)
	at org.junit.runners.ParentRunner.runLeaf(ParentRunner.java:325)
	at org.junit.runners.BlockJUnit4ClassRunner.runChild(BlockJUnit4ClassRunner.java:78)
	at org.junit.runners.BlockJUnit4ClassRunner.runChild(BlockJUnit4ClassRunner.java:57)
	at org.junit.runners.ParentRunner$3.run(ParentRunner.java:290)
	at org.junit.runners.ParentRunner$1.schedule(ParentRunner.java:71)
	at org.junit.runners.ParentRunner.runChildren(ParentRunner.java:288)
	at org.junit.runners.ParentRunner.access$000(ParentRunner.java:58)
	at org.junit.runners.ParentRunner$2.evaluate(ParentRunner.java:268)
	at org.junit.runners.ParentRunner.run(ParentRunner.java:363)
	at org.apache.maven.surefire.junit4.JUnit4Provider.execute(JUnit4Provider.java:252)
	at org.apache.maven.surefire.junit4.JUnit4Provider.executeTestSet(JUnit4Provider.java:141)
	at org.apache.maven.surefire.junit4.JUnit4Provider.invoke(JUnit4Provider.java:112)
	at java.base/jdk.internal.reflect.NativeMethodAccessorImpl.invoke0(Native Method)
	at java.base/jdk.internal.reflect.NativeMethodAccessorImpl.invoke(NativeMethodAccessorImpl.java:62)
	at java.base/jdk.internal.reflect.DelegatingMethodAccessorImpl.invoke(DelegatingMethodAccessorImpl.java:43)
	at java.base/java.lang.reflect.Method.invoke(Method.java:566)
	at org.apache.maven.surefire.util.ReflectionUtils.invokeMethodWithArray(ReflectionUtils.java:189)
	at org.apache.maven.surefire.booter.ProviderFactory$ProviderProxy.invoke(ProviderFactory.java:165)
	at org.apache.maven.surefire.booter.ProviderFactory.invokeProvider(ProviderFactory.java:85)
	at org.apache.maven.surefire.booter.ForkedBooter.runSuitesInProcess(ForkedBooter.java:115)
	at org.apache.maven.surefire.booter.ForkedBooter.main(ForkedBooter.java:75)
</failure>
    <system-err>Nov 09, 2018 3:58:08 PM org.springframework.test.web.servlet.setup.StandaloneMockMvcBuilder$StaticRequestMappingHandlerMapping registerHandlerMethod
INFO: Mapped &quot;{[/spitter/{username}],methods=[GET],params=[],headers=[],consumes=[],produces=[],custom=[]}&quot; onto public java.lang.String web.SpitterController.showSpitterProfile(java.lang.String,org.springframework.ui.Model)
Nov 09, 2018 3:58:08 PM org.springframework.test.web.servlet.setup.StandaloneMockMvcBuilder$StaticRequestMappingHandlerMapping registerHandlerMethod
INFO: Mapped &quot;{[/spitter/register],methods=[POST],params=[],headers=[],consumes=[],produces=[],custom=[]}&quot; onto public java.lang.String web.SpitterController.processRegistration(data.Spitter)
Nov 09, 2018 3:58:08 PM org.springframework.test.web.servlet.setup.StandaloneMockMvcBuilder$StaticRequestMappingHandlerMapping registerHandlerMethod
INFO: Mapped &quot;{[/spitter/register],methods=[GET],params=[],headers=[],consumes=[],produces=[],custom=[]}&quot; onto public java.lang.String web.SpitterController.showRegistrationForm()
Nov 09, 2018 3:58:08 PM org.springframework.mock.web.MockServletContext log
INFO: Initializing Spring FrameworkServlet &apos;&apos;
Nov 09, 2018 3:58:08 PM org.springframework.test.web.servlet.TestDispatcherServlet initServletBean
INFO: FrameworkServlet &apos;&apos;: initialization started
Nov 09, 2018 3:58:08 PM org.springframework.test.web.servlet.TestDispatcherServlet initServletBean
INFO: FrameworkServlet &apos;&apos;: initialization completed in 0 ms
</system-err>
  </testcase>
  <testcase classname="spittr.ControllerTest" name="testHomePage" time="0.037"/>
  <testcase classname="spittr.ControllerTest" name="shouldShowRecentSpittles" time="0.044"/>
</testsuite>